#
# A fatal error has been detected by the Java Runtime Environment:
#
#  EXCEPTION_ACCESS_VIOLATION (0xc0000005) at pc=0x0000000074e3ca77, pid=11916, tid=0x0000000000003ef8
#
# JRE version: OpenJDK Runtime Environment (8.0_152-b06) (build 1.8.0_152-release-1136-b06)
# Java VM: OpenJDK 64-Bit Server VM (25.152-b06 mixed mode windows-amd64 compressed oops)
# Problematic frame:
# V  [jvm.dll+0x1eca77]
#
# Failed to write core dump. Minidumps are not enabled by default on client versions of Windows
#
# If you would like to submit a bug report, please visit:
#   http://bugreport.java.com/bugreport/crash.jsp
#

---------------  T H R E A D  ---------------

Current thread (0x000000001e636800):  JavaThread "Task worker for ':' Thread 7" [_thread_in_vm, id=16120, stack(0x00000000267b0000,0x00000000268b0000)]

siginfo: ExceptionCode=0xc0000005, writing address 0x000000002689e780

Registers:
RAX=0x000000002689e780, RBX=0x0000000000000007, RCX=0x0000000000006000, RDX=0x0000000000000035
RSP=0x00000000268a4780, RBP=0x0000000000000000, RSI=0x00000000268a4780, RDI=0x0000000000000007
R8 =0x0000000000000035, R9 =0x00000000214b7960, R10=0x00000000161945b8, R11=0x00000000267ba148
R12=0x00000000214b7960, R13=0x000000001e636800, R14=0x00000000268a4848, R15=0x00000000161945b8
RIP=0x0000000074e3ca77, EFLAGS=0x0000000000010202

Top of Stack: (sp=0x00000000268a4780)
0x00000000268a4780:   0000000000000000 000000001e6369e0
0x00000000268a4790:   000000001e636800 00000000214b7960
0x00000000268a47a0:   00000000ffffffff 0000000074e3d9a7
0x00000000268a47b0:   00000000268a48b0 00000000161945b8
0x00000000268a47c0:   000000001e636800 0000000000000000
0x00000000268a47d0:   0000000000000000 0000000015fa4528
0x00000000268a47e0:   0000000000000000 000000000000010f
0x00000000268a47f0:   00000000161945b8 000000001e636800
0x00000000268a4800:   0000000002c06d60 00000000633038d2
0x00000000268a4810:   0000000000000000 0000000000000139
0x00000000268a4820:   0000000000000000 0000000000001610
0x00000000268a4830:   0606063ed76ff53b 00000000161945b8
0x00000000268a4840:   000000001e636800 0000000019eb1cb0
0x00000000268a4850:   cb819189da3349da 3f3324a0b53922b5
0x00000000268a4860:   00000000268a4a08 01cccb754e4a2d2f
0x00000000268a4870:   aa2c4bccca7212aa 2c4acbd22a6b0574 

Instructions: (pc=0x0000000074e3ca77)
0x0000000074e3ca57:   48 89 6c 24 30 33 ed 66 90 e8 0b c0 07 00 ff c3
0x0000000074e3ca67:   48 63 c8 48 8b c6 48 0f af cf 48 ff c7 48 2b c1
0x0000000074e3ca77:   89 28 48 63 c3 48 3b 05 25 5b 57 00 7e db 48 8b
0x0000000074e3ca87:   6c 24 30 48 8b 5c 24 38 48 8b 74 24 40 48 83 c4 


Register to memory mapping:

RAX=0x000000002689e780 is pointing into the stack for thread: 0x000000001e636800
RBX=0x0000000000000007 is an unknown value
RCX=0x0000000000006000 is an unknown value
RDX=0x0000000000000035 is an unknown value
RSP=0x00000000268a4780 is pointing into the stack for thread: 0x000000001e636800
RBP=0x0000000000000000 is an unknown value
RSI=0x00000000268a4780 is pointing into the stack for thread: 0x000000001e636800
RDI=0x0000000000000007 is an unknown value
R8 =0x0000000000000035 is an unknown value
R9 =0x00000000214b7960 is an unknown value
R10={method} {0x00000000161945c0} 'run' '()Ljava/lang/Object;' in 'java/net/URLClassLoader$1'
R11=0x00000000267ba148 is pointing into the stack for thread: 0x000000001e636800
R12=0x00000000214b7960 is an unknown value
R13=0x000000001e636800 is a thread
R14=0x00000000268a4848 is pointing into the stack for thread: 0x000000001e636800
R15={method} {0x00000000161945c0} 'run' '()Ljava/lang/Object;' in 'java/net/URLClassLoader$1'


Stack: [0x00000000267b0000,0x00000000268b0000],  sp=0x00000000268a4780,  free space=977k
Native frames: (J=compiled Java code, j=interpreted, Vv=VM code, C=native code)

Java frames: (J=compiled Java code, j=interpreted, Vv=VM code)
J 255  java.security.AccessController.doPrivileged(Ljava/security/PrivilegedExceptionAction;Ljava/security/AccessControlContext;)Ljava/lang/Object; (0 bytes) @ 0x0000000002d52ba6 [0x0000000002d52b40+0x66]
J 1347 C2 java.net.URLClassLoader.findClass(Ljava/lang/String;)Ljava/lang/Class; (47 bytes) @ 0x00000000030529f0 [0x0000000003052960+0x90]
J 2367 C2 java.lang.ClassLoader.loadClass(Ljava/lang/String;Z)Ljava/lang/Class; (122 bytes) @ 0x000000000349f084 [0x000000000349ec80+0x404]
J 2555 C1 org.gradle.internal.classloader.FilteringClassLoader.loadClass(Ljava/lang/String;Z)Ljava/lang/Class; (62 bytes) @ 0x0000000003590764 [0x0000000003590580+0x1e4]
J 2367 C2 java.lang.ClassLoader.loadClass(Ljava/lang/String;Z)Ljava/lang/Class; (122 bytes) @ 0x000000000349ef80 [0x000000000349ec80+0x300]
J 2561 C1 org.gradle.internal.classloader.CachingClassLoader.loadClass(Ljava/lang/String;Z)Ljava/lang/Class; (85 bytes) @ 0x00000000035953d4 [0x0000000003595120+0x2b4]
J 2367 C2 java.lang.ClassLoader.loadClass(Ljava/lang/String;Z)Ljava/lang/Class; (122 bytes) @ 0x000000000349ef80 [0x000000000349ec80+0x300]
J 2268 C2 java.lang.ClassLoader.loadClass(Ljava/lang/String;)Ljava/lang/Class; (7 bytes) @ 0x00000000034501c0 [0x0000000003450180+0x40]
v  ~StubRoutines::call_stub
J 501  java.lang.ClassLoader.defineClass1(Ljava/lang/String;[BIILjava/security/ProtectionDomain;Ljava/lang/String;)Ljava/lang/Class; (0 bytes) @ 0x0000000002df059f [0x0000000002df0500+0x9f]
J 7129 C2 java.lang.ClassLoader.defineClass(Ljava/lang/String;[BIILjava/security/ProtectionDomain;)Ljava/lang/Class; (43 bytes) @ 0x00000000040a87b4 [0x00000000040a8560+0x254]
J 9607 C2 java.security.SecureClassLoader.defineClass(Ljava/lang/String;[BIILjava/security/CodeSource;)Ljava/lang/Class; (16 bytes) @ 0x00000000048594ac [0x0000000004858de0+0x6cc]
J 15156 C2 java.net.URLClassLoader$1.run()Ljava/lang/Object; (5 bytes) @ 0x00000000057e5d2c [0x00000000057e5040+0xcec]
v  ~StubRoutines::call_stub
J 255  java.security.AccessController.doPrivileged(Ljava/security/PrivilegedExceptionAction;Ljava/security/AccessControlContext;)Ljava/lang/Object; (0 bytes) @ 0x0000000002d52ba6 [0x0000000002d52b40+0x66]
J 1347 C2 java.net.URLClassLoader.findClass(Ljava/lang/String;)Ljava/lang/Class; (47 bytes) @ 0x00000000030529f0 [0x0000000003052960+0x90]
J 2367 C2 java.lang.ClassLoader.loadClass(Ljava/lang/String;Z)Ljava/lang/Class; (122 bytes) @ 0x000000000349f084 [0x000000000349ec80+0x404]
J 2268 C2 java.lang.ClassLoader.loadClass(Ljava/lang/String;)Ljava/lang/Class; (7 bytes) @ 0x00000000034501c0 [0x0000000003450180+0x40]
v  ~StubRoutines::call_stub
J 501  java.lang.ClassLoader.defineClass1(Ljava/lang/String;[BIILjava/security/ProtectionDomain;Ljava/lang/String;)Ljava/lang/Class; (0 bytes) @ 0x0000000002df059f [0x0000000002df0500+0x9f]
J 7129 C2 java.lang.ClassLoader.defineClass(Ljava/lang/String;[BIILjava/security/ProtectionDomain;)Ljava/lang/Class; (43 bytes) @ 0x00000000040a87b4 [0x00000000040a8560+0x254]
J 9607 C2 java.security.SecureClassLoader.defineClass(Ljava/lang/String;[BIILjava/security/CodeSource;)Ljava/lang/Class; (16 bytes) @ 0x00000000048594ac [0x0000000004858de0+0x6cc]
J 15156 C2 java.net.URLClassLoader$1.run()Ljava/lang/Object; (5 bytes) @ 0x00000000057e5d2c [0x00000000057e5040+0xcec]
v  ~StubRoutines::call_stub
J 255  java.security.AccessController.doPrivileged(Ljava/security/PrivilegedExceptionAction;Ljava/security/AccessControlContext;)Ljava/lang/Object; (0 bytes) @ 0x0000000002d52ba6 [0x0000000002d52b40+0x66]
J 1347 C2 java.net.URLClassLoader.findClass(Ljava/lang/String;)Ljava/lang/Class; (47 bytes) @ 0x00000000030529f0 [0x0000000003052960+0x90]
J 2367 C2 java.lang.ClassLoader.loadClass(Ljava/lang/String;Z)Ljava/lang/Class; (122 bytes) @ 0x000000000349f084 [0x000000000349ec80+0x404]
J 2268 C2 java.lang.ClassLoader.loadClass(Ljava/lang/String;)Ljava/lang/Class; (7 bytes) @ 0x00000000034501c0 [0x0000000003450180+0x40]
v  ~StubRoutines::call_stub
J 501  java.lang.ClassLoader.defineClass1(Ljava/lang/String;[BIILjava/security/ProtectionDomain;Ljava/lang/String;)Ljava/lang/Class; (0 bytes) @ 0x0000000002df059f [0x0000000002df0500+0x9f]
J 7129 C2 java.lang.ClassLoader.defineClass(Ljava/lang/String;[BIILjava/security/ProtectionDomain;)Ljava/lang/Class; (43 bytes) @ 0x00000000040a87b4 [0x00000000040a8560+0x254]
J 9607 C2 java.security.SecureClassLoader.defineClass(Ljava/lang/String;[BIILjava/security/CodeSource;)Ljava/lang/Class; (16 bytes) @ 0x00000000048594ac [0x0000000004858de0+0x6cc]
J 15156 C2 java.net.URLClassLoader$1.run()Ljava/lang/Object; (5 bytes) @ 0x00000000057e5d2c [0x00000000057e5040+0xcec]
v  ~StubRoutines::call_stub
J 255  java.security.AccessController.doPrivileged(Ljava/security/PrivilegedExceptionAction;Ljava/security/AccessControlContext;)Ljava/lang/Object; (0 bytes) @ 0x0000000002d52ba6 [0x0000000002d52b40+0x66]
J 1347 C2 java.net.URLClassLoader.findClass(Ljava/lang/String;)Ljava/lang/Class; (47 bytes) @ 0x00000000030529f0 [0x0000000003052960+0x90]
J 2367 C2 java.lang.ClassLoader.loadClass(Ljava/lang/String;Z)Ljava/lang/Class; (122 bytes) @ 0x000000000349f084 [0x000000000349ec80+0x404]
J 2268 C2 java.lang.ClassLoader.loadClass(Ljava/lang/String;)Ljava/lang/Class; (7 bytes) @ 0x00000000034501c0 [0x0000000003450180+0x40]
v  ~StubRoutines::call_stub
j  com.android.builder.files.FileCacheByPath.key(Ljava/io/File;)Ljava/lang/String;+26
j  com.android.builder.files.FileCacheByPath.add(Ljava/io/File;)V+28
j  com.android.build.gradle.internal.pipeline.IncrementalFileMergerTransformUtils.lambda$toIncrementalInput$0(Lcom/android/builder/files/FileCacheByPath;Ljava/io/File;)V+2
j  com.android.build.gradle.internal.pipeline.IncrementalFileMergerTransformUtils$$Lambda$393.run()V+8
j  com.android.tools.build.apkzlib.utils.IOExceptionRunnable.lambda$asRunnable$0(Lcom/android/tools/build/apkzlib/utils/IOExceptionRunnable;)V+1
j  com.android.tools.build.apkzlib.utils.IOExceptionRunnable$$Lambda$394.run()V+4
j  com.android.build.gradle.internal.transforms.MergeJavaResourcesTransform$$Lambda$427.accept(Ljava/lang/Object;)V+4
j  java.util.ArrayList.forEach(Ljava/util/function/Consumer;)V+47
j  com.android.build.gradle.internal.transforms.MergeJavaResourcesTransform.transform(Lcom/android/build/api/transform/TransformInvocation;)V+467
j  com.android.build.gradle.internal.pipeline.TransformTask$2.call()Ljava/lang/Void;+116
j  com.android.build.gradle.internal.pipeline.TransformTask$2.call()Ljava/lang/Object;+1
j  com.android.builder.profile.ThreadRecorder.record(Lcom/google/wireless/android/sdk/stats/GradleBuildProfileSpan$ExecutionType;Lcom/google/wireless/android/sdk/stats/GradleTransformExecution;Ljava/lang/String;Ljava/lang/String;Lcom/android/builder/profile/Recorder$Block;)Ljava/lang/Object;+17
j  com.android.build.gradle.internal.pipeline.TransformTask.transform(Lorg/gradle/api/tasks/incremental/IncrementalTaskInputs;)V+192
v  ~StubRoutines::call_stub
J 2144  sun.reflect.NativeMethodAccessorImpl.invoke0(Ljava/lang/reflect/Method;Ljava/lang/Object;[Ljava/lang/Object;)Ljava/lang/Object; (0 bytes) @ 0x00000000033cfa7f [0x00000000033cfa00+0x7f]
J 14324 C2 sun.reflect.NativeMethodAccessorImpl.invoke(Ljava/lang/Object;[Ljava/lang/Object;)Ljava/lang/Object; (104 bytes) @ 0x0000000003834050 [0x0000000003833fe0+0x70]
J 3685 C2 java.lang.reflect.Method.invoke(Ljava/lang/Object;[Ljava/lang/Object;)Ljava/lang/Object; (62 bytes) @ 0x000000000324ff8c [0x000000000324ff00+0x8c]
J 2142 C1 org.gradle.internal.reflect.JavaMethod.invoke(Ljava/lang/Object;[Ljava/lang/Object;)Ljava/lang/Object; (74 bytes) @ 0x00000000033cd3bc [0x00000000033cd2a0+0x11c]
j  org.gradle.api.internal.project.taskfactory.IncrementalTaskAction.doExecute(Lorg/gradle/api/Task;Ljava/lang/String;)V+39
j  org.gradle.api.internal.project.taskfactory.StandardTaskAction.execute(Lorg/gradle/api/Task;)V+32
j  org.gradle.api.internal.project.taskfactory.StandardTaskAction.execute(Ljava/lang/Object;)V+5
j  org.gradle.api.internal.tasks.execution.ExecuteActionsTaskExecuter$1.run(Lorg/gradle/internal/operations/BuildOperationContext;)V+23
J 16463 C2 org.gradle.internal.progress.DefaultBuildOperationExecutor$RunnableBuildOperationWorker.execute(Lorg/gradle/internal/operations/BuildOperation;Lorg/gradle/internal/operations/BuildOperationContext;)V (10 bytes) @ 0x000000000546d848 [0x000000000546d7e0+0x68]
J 16029 C1 org.gradle.internal.progress.DefaultBuildOperationExecutor.execute(Lorg/gradle/internal/operations/BuildOperation;Lorg/gradle/internal/operations/BuildOperationWorker;Lorg/gradle/internal/progress/DefaultBuildOperationExecutor$DefaultBuildOperationState;)V (394 bytes) @ 0x0000000003dffd24 [0x0000000003dfd500+0x2824]
J 10093 C1 org.gradle.internal.progress.DefaultBuildOperationExecutor.run(Lorg/gradle/internal/operations/RunnableBuildOperation;)V (38 bytes) @ 0x0000000004458c74 [0x0000000004458940+0x334]
j  org.gradle.api.internal.tasks.execution.ExecuteActionsTaskExecuter.executeAction(Ljava/lang/String;Lorg/gradle/api/internal/TaskInternal;Lorg/gradle/api/internal/tasks/ContextAwareTaskAction;Lorg/gradle/api/internal/tasks/TaskExecutionContext;)V+23
j  org.gradle.api.internal.tasks.execution.ExecuteActionsTaskExecuter.executeActions(Lorg/gradle/api/internal/TaskInternal;Lorg/gradle/api/internal/tasks/TaskStateInternal;Lorg/gradle/api/internal/tasks/TaskExecutionContext;)Lorg/gradle/api/GradleException;+86
j  org.gradle.api.internal.tasks.execution.ExecuteActionsTaskExecuter.execute(Lorg/gradle/api/internal/TaskInternal;Lorg/gradle/api/internal/tasks/TaskStateInternal;Lorg/gradle/api/internal/tasks/TaskExecutionContext;)V+42
j  org.gradle.api.internal.tasks.execution.OutputDirectoryCreatingTaskExecuter.execute(Lorg/gradle/api/internal/TaskInternal;Lorg/gradle/api/internal/tasks/TaskStateInternal;Lorg/gradle/api/internal/tasks/TaskExecutionContext;)V+105
j  org.gradle.api.internal.tasks.execution.SkipUpToDateTaskExecuter.execute(Lorg/gradle/api/internal/TaskInternal;Lorg/gradle/api/internal/tasks/TaskStateInternal;Lorg/gradle/api/internal/tasks/TaskExecutionContext;)V+103
j  org.gradle.api.internal.tasks.execution.ResolveTaskOutputCachingStateExecuter.execute(Lorg/gradle/api/internal/TaskInternal;Lorg/gradle/api/internal/tasks/TaskStateInternal;Lorg/gradle/api/internal/tasks/TaskExecutionContext;)V+102
j  org.gradle.api.internal.tasks.execution.ValidatingTaskExecuter.execute(Lorg/gradle/api/internal/TaskInternal;Lorg/gradle/api/internal/tasks/TaskStateInternal;Lorg/gradle/api/internal/tasks/TaskExecutionContext;)V+119
j  org.gradle.api.internal.tasks.execution.SkipEmptySourceFilesTaskExecuter.execute(Lorg/gradle/api/internal/TaskInternal;Lorg/gradle/api/internal/tasks/TaskStateInternal;Lorg/gradle/api/internal/tasks/TaskExecutionContext;)V+353
j  org.gradle.api.internal.tasks.execution.FinalizeInputFilePropertiesTaskExecuter.execute(Lorg/gradle/api/internal/TaskInternal;Lorg/gradle/api/internal/tasks/TaskStateInternal;Lorg/gradle/api/internal/tasks/TaskExecutionContext;)V+59
j  org.gradle.api.internal.tasks.execution.CleanupStaleOutputsExecuter.execute(Lorg/gradle/api/internal/TaskInternal;Lorg/gradle/api/internal/tasks/TaskStateInternal;Lorg/gradle/api/internal/tasks/TaskExecutionContext;)V+188
j  org.gradle.api.internal.tasks.execution.ResolveTaskArtifactStateTaskExecuter.execute(Lorg/gradle/api/internal/TaskInternal;Lorg/gradle/api/internal/tasks/TaskStateInternal;Lorg/gradle/api/internal/tasks/TaskExecutionContext;)V+96
j  org.gradle.api.internal.tasks.execution.SkipTaskWithNoActionsExecuter.execute(Lorg/gradle/api/internal/TaskInternal;Lorg/gradle/api/internal/tasks/TaskStateInternal;Lorg/gradle/api/internal/tasks/TaskExecutionContext;)V+135
j  org.gradle.api.internal.tasks.execution.SkipOnlyIfTaskExecuter.execute(Lorg/gradle/api/internal/TaskInternal;Lorg/gradle/api/internal/tasks/TaskStateInternal;Lorg/gradle/api/internal/tasks/TaskExecutionContext;)V+85
j  org.gradle.api.internal.tasks.execution.ExecuteAtMostOnceTaskExecuter.execute(Lorg/gradle/api/internal/TaskInternal;Lorg/gradle/api/internal/tasks/TaskStateInternal;Lorg/gradle/api/internal/tasks/TaskExecutionContext;)V+26
j  org.gradle.api.internal.tasks.execution.CatchExceptionTaskExecuter.execute(Lorg/gradle/api/internal/TaskInternal;Lorg/gradle/api/internal/tasks/TaskStateInternal;Lorg/gradle/api/internal/tasks/TaskExecutionContext;)V+7
j  org.gradle.execution.taskgraph.DefaultTaskGraphExecuter$EventFiringTaskWorker$1.run(Lorg/gradle/internal/operations/BuildOperationContext;)V+56
J 16463 C2 org.gradle.internal.progress.DefaultBuildOperationExecutor$RunnableBuildOperationWorker.execute(Lorg/gradle/internal/operations/BuildOperation;Lorg/gradle/internal/operations/BuildOperationContext;)V (10 bytes) @ 0x000000000546d848 [0x000000000546d7e0+0x68]
J 16029 C1 org.gradle.internal.progress.DefaultBuildOperationExecutor.execute(Lorg/gradle/internal/operations/BuildOperation;Lorg/gradle/internal/operations/BuildOperationWorker;Lorg/gradle/internal/progress/DefaultBuildOperationExecutor$DefaultBuildOperationState;)V (394 bytes) @ 0x0000000003dffd24 [0x0000000003dfd500+0x2824]
J 10093 C1 org.gradle.internal.progress.DefaultBuildOperationExecutor.run(Lorg/gradle/internal/operations/RunnableBuildOperation;)V (38 bytes) @ 0x0000000004458c74 [0x0000000004458940+0x334]
j  org.gradle.execution.taskgraph.DefaultTaskGraphExecuter$EventFiringTaskWorker.execute(Lorg/gradle/api/internal/TaskInternal;)V+16
j  org.gradle.execution.taskgraph.DefaultTaskGraphExecuter$EventFiringTaskWorker.execute(Ljava/lang/Object;)V+5
j  org.gradle.execution.taskgraph.DefaultTaskPlanExecutor$TaskExecutorWorker.processTask(Lorg/gradle/execution/taskgraph/TaskInfo;)V+8
j  org.gradle.execution.taskgraph.DefaultTaskPlanExecutor$TaskExecutorWorker.access$200(Lorg/gradle/execution/taskgraph/DefaultTaskPlanExecutor$TaskExecutorWorker;Lorg/gradle/execution/taskgraph/TaskInfo;)V+2
j  org.gradle.execution.taskgraph.DefaultTaskPlanExecutor$TaskExecutorWorker$1.execute(Lorg/gradle/execution/taskgraph/TaskInfo;)V+38
j  org.gradle.execution.taskgraph.DefaultTaskPlanExecutor$TaskExecutorWorker$1.execute(Ljava/lang/Object;)V+5
j  org.gradle.execution.taskgraph.DefaultTaskExecutionPlan.execute(Lorg/gradle/execution/taskgraph/TaskInfo;Lorg/gradle/internal/work/WorkerLeaseRegistry$WorkerLease;Lorg/gradle/api/Action;)V+14
j  org.gradle.execution.taskgraph.DefaultTaskExecutionPlan.executeWithTask(Lorg/gradle/internal/work/WorkerLeaseRegistry$WorkerLease;Lorg/gradle/api/Action;)Z+53
j  org.gradle.execution.taskgraph.DefaultTaskPlanExecutor$TaskExecutorWorker.run()V+52
J 13595 C2 org.gradle.internal.concurrent.ManagedExecutorImpl$1.run()V (57 bytes) @ 0x00000000041e0ff0 [0x00000000041e0ea0+0x150]
J 11413 C1 java.util.concurrent.ThreadPoolExecutor.runWorker(Ljava/util/concurrent/ThreadPoolExecutor$Worker;)V (225 bytes) @ 0x0000000004c67f64 [0x0000000004c66f20+0x1044]
j  java.util.concurrent.ThreadPoolExecutor$Worker.run()V+5
j  org.gradle.internal.concurrent.ThreadFactoryImpl$ManagedThreadRunnable.run()V+7
j  java.lang.Thread.run()V+11
v  ~StubRoutines::call_stub

---------------  P R O C E S S  ---------------

Java Threads: ( => current thread )
  0x000000001e631800 JavaThread "Worker Daemon Execution Thread 2" [_thread_blocked, id=3640, stack(0x0000000026fb0000,0x00000000270b0000)]
  0x000000001e631000 JavaThread "Worker Daemon Execution" [_thread_blocked, id=13276, stack(0x0000000026cb0000,0x0000000026db0000)]
  0x000000001e633800 JavaThread "stdout" [_thread_in_native, id=26364, stack(0x0000000026bb0000,0x0000000026cb0000)]
  0x000000001e630000 JavaThread "stderr" [_thread_in_native, id=9576, stack(0x0000000026ab0000,0x0000000026bb0000)]
  0x000000001e637000 JavaThread "pool-14-thread-1" [_thread_blocked, id=21976, stack(0x00000000269b0000,0x0000000026ab0000)]
=>0x000000001e636800 JavaThread "Task worker for ':' Thread 7" [_thread_in_vm, id=16120, stack(0x00000000267b0000,0x00000000268b0000)]
  0x000000001e628800 JavaThread "Task worker for ':' Thread 6" [_thread_blocked, id=29624, stack(0x00000000264b0000,0x00000000265b0000)]
  0x000000001e62f800 JavaThread "Task worker for ':' Thread 5" [_thread_blocked, id=19332, stack(0x00000000263b0000,0x00000000264b0000)]
  0x000000001e62b000 JavaThread "Task worker for ':' Thread 4" [_thread_blocked, id=32172, stack(0x00000000260b0000,0x00000000261b0000)]
  0x000000001e62c800 JavaThread "Task worker for ':' Thread 3" [_thread_blocked, id=24024, stack(0x0000000025fb0000,0x00000000260b0000)]
  0x000000001e62e800 JavaThread "Task worker for ':' Thread 2" [_thread_blocked, id=30264, stack(0x0000000025eb0000,0x0000000025fb0000)]
  0x000000001e62e000 JavaThread "Task worker for ':'" [_thread_blocked, id=26996, stack(0x0000000025db0000,0x0000000025eb0000)]
  0x000000001e62a000 JavaThread "Cache worker for Build Output Cleanup Cache (D:\Workplace\AS\EchartsTest\.gradle\buildOutputCleanup)" [_thread_blocked, id=25664, stack(0x0000000025cb0000,0x0000000025db0000)]
  0x000000001e629800 JavaThread "Cache worker for task history cache (D:\Workplace\AS\EchartsTest\.gradle\4.6\taskHistory)" [_thread_blocked, id=30384, stack(0x0000000025bb0000,0x0000000025cb0000)]
  0x000000001fcc6000 JavaThread "Cache worker for file content cache (D:\Workplace\AS\EchartsTest\.gradle\4.6\fileContent)" [_thread_blocked, id=9340, stack(0x0000000025ab0000,0x0000000025bb0000)]
  0x000000001fcc0800 JavaThread "Build operations Thread 8" [_thread_blocked, id=21804, stack(0x00000000259b0000,0x0000000025ab0000)]
  0x000000001fcc1800 JavaThread "Build operations Thread 7" [_thread_blocked, id=22796, stack(0x0000000023f30000,0x0000000024030000)]
  0x000000001fcc3000 JavaThread "Build operations Thread 6" [_thread_blocked, id=33008, stack(0x0000000023e30000,0x0000000023f30000)]
  0x000000001fcb9000 JavaThread "Build operations Thread 5" [_thread_blocked, id=11592, stack(0x0000000022a20000,0x0000000022b20000)]
  0x000000001fcc0000 JavaThread "Build operations Thread 4" [_thread_blocked, id=33216, stack(0x0000000022920000,0x0000000022a20000)]
  0x000000001fcb8800 JavaThread "Build operations Thread 3" [_thread_blocked, id=14436, stack(0x0000000022820000,0x0000000022920000)]
  0x000000001fcbe800 JavaThread "Build operations Thread 2" [_thread_blocked, id=26904, stack(0x0000000022720000,0x0000000022820000)]
  0x000000001fcbd800 JavaThread "Build operations" [_thread_blocked, id=25308, stack(0x0000000022620000,0x0000000022720000)]
  0x000000001fcbd000 JavaThread "Cache worker for Artifact transforms cache (C:\Users\MaJieKun\.gradle\caches\transforms-1)" [_thread_blocked, id=11056, stack(0x0000000022520000,0x0000000022620000)]
  0x000000001fcba800 JavaThread "Cache worker for file hash cache (D:\Workplace\AS\EchartsTest\.gradle\4.6\fileHashes)" [_thread_blocked, id=15736, stack(0x0000000021d90000,0x0000000021e90000)]
  0x000000001fcbf000 JavaThread "Stdin handler" [_thread_blocked, id=2068, stack(0x0000000021a10000,0x0000000021b10000)]
  0x000000001fcb7000 JavaThread "Cancel handler" [_thread_blocked, id=6036, stack(0x000000001b670000,0x000000001b770000)]
  0x000000001fcbc000 JavaThread "Handler for socket connection from /127.0.0.1:60823 to /127.0.0.1:3798" [_thread_blocked, id=16432, stack(0x000000001b370000,0x000000001b470000)]
  0x000000001fcc2000 JavaThread "ForkJoinPool.commonPool-worker-3" daemon [_thread_blocked, id=2516, stack(0x00000000268b0000,0x00000000269b0000)]
  0x000000001e62b800 JavaThread "Daemon worker Thread 6" [_thread_blocked, id=23636, stack(0x000000001b970000,0x000000001ba70000)]
  0x000000001e628000 JavaThread "Daemon Thread 6" [_thread_blocked, id=32264, stack(0x000000001b270000,0x000000001b370000)]
  0x000000001debb800 JavaThread "pool-1-thread-1" [_thread_blocked, id=7432, stack(0x0000000023490000,0x0000000023590000)]
  0x000000001e634000 JavaThread "Memory manager" [_thread_blocked, id=24476, stack(0x0000000022d20000,0x0000000022e20000)]
  0x000000001a92e000 JavaThread "File lock request listener" [_thread_in_native, id=25328, stack(0x000000001ce40000,0x000000001cf40000)]
  0x000000001aab3000 JavaThread "Cache worker for file hash cache (C:\Users\MaJieKun\.gradle\caches\4.6\fileHashes)" [_thread_blocked, id=9684, stack(0x000000001cd40000,0x000000001ce40000)]
  0x000000001a85f000 JavaThread "Daemon periodic checks" [_thread_blocked, id=21108, stack(0x000000001b170000,0x000000001b270000)]
  0x000000001a85b800 JavaThread "Incoming local TCP Connector on port 60823" [_thread_in_native, id=8248, stack(0x000000001afc0000,0x000000001b0c0000)]
  0x0000000018917800 JavaThread "Service Thread" daemon [_thread_blocked, id=17884, stack(0x00000000193d0000,0x00000000194d0000)]
  0x0000000018906000 JavaThread "C1 CompilerThread3" daemon [_thread_blocked, id=15700, stack(0x00000000192d0000,0x00000000193d0000)]
  0x0000000018903800 JavaThread "C2 CompilerThread2" daemon [_thread_blocked, id=23804, stack(0x00000000191d0000,0x00000000192d0000)]
  0x000000001698c800 JavaThread "C2 CompilerThread1" daemon [_thread_blocked, id=6860, stack(0x00000000190d0000,0x00000000191d0000)]
  0x0000000018900000 JavaThread "C2 CompilerThread0" daemon [_thread_blocked, id=10372, stack(0x0000000018fd0000,0x00000000190d0000)]
  0x00000000188ac800 JavaThread "Attach Listener" daemon [_thread_blocked, id=20476, stack(0x0000000018ed0000,0x0000000018fd0000)]
  0x00000000188ab800 JavaThread "Signal Dispatcher" daemon [_thread_blocked, id=16804, stack(0x0000000018dd0000,0x0000000018ed0000)]
  0x0000000002bb9000 JavaThread "Finalizer" daemon [_thread_blocked, id=23424, stack(0x0000000018c70000,0x0000000018d70000)]
  0x0000000002bb8000 JavaThread "Reference Handler" daemon [_thread_blocked, id=14824, stack(0x0000000018770000,0x0000000018870000)]
  0x0000000002abe000 JavaThread "main" [_thread_blocked, id=21656, stack(0x0000000002990000,0x0000000002a90000)]

Other Threads:
  0x0000000016977800 VMThread [stack: 0x0000000018670000,0x0000000018770000] [id=11268]
  0x0000000018918800 WatcherThread [stack: 0x00000000194d0000,0x00000000195d0000] [id=6728]

VM state:not at safepoint (normal execution)

VM Mutex/Monitor currently owned by a thread: None

Heap:
 PSYoungGen      total 221184K, used 31188K [0x00000000e0000000, 0x00000000efc00000, 0x0000000100000000)
  eden space 210944K, 13% used [0x00000000e0000000,0x00000000e1cd4a28,0x00000000ece00000)
  from space 10240K, 16% used [0x00000000ef200000,0x00000000ef3a0820,0x00000000efc00000)
  to   space 23552K, 0% used [0x00000000ece00000,0x00000000ece00000,0x00000000ee500000)
 ParOldGen       total 93184K, used 47708K [0x00000000a0000000, 0x00000000a5b00000, 0x00000000e0000000)
  object space 93184K, 51% used [0x00000000a0000000,0x00000000a2e97268,0x00000000a5b00000)
 Metaspace       used 79181K, capacity 81854K, committed 83584K, reserved 1122304K
  class space    used 9983K, capacity 10609K, committed 11136K, reserved 1048576K

Card table byte_map: [0x0000000011f80000,0x0000000012290000] byte_map_base: 0x0000000011a80000

Marking Bits: (ParMarkBitMap*) 0x0000000075415aa0
 Begin Bits: [0x0000000012c90000, 0x0000000014490000)
 End Bits:   [0x0000000014490000, 0x0000000015c90000)

Polling page: 0x0000000000a10000

CodeCache: size=245760Kb used=46529Kb max_used=46529Kb free=199230Kb
 bounds [0x0000000002bc0000, 0x0000000005970000, 0x0000000011bc0000]
 total_blobs=14372 nmethods=13525 adapters=758
 compilation: enabled

Compilation events (10 events):
Event: 15731.805 Thread 0x0000000018906000 16604       3       java.util.jar.JarFile::getManifestFromReference (113 bytes)
Event: 15731.807 Thread 0x0000000018906000 nmethod 16604 0x0000000005966a90 code [0x0000000005966da0, 0x00000000059683d8]
Event: 15731.814 Thread 0x0000000018906000 16605       3       java.util.function.Predicate$$Lambda$407/1208399648::test (13 bytes)
Event: 15731.815 Thread 0x0000000018906000 nmethod 16605 0x0000000005966310 code [0x00000000059664a0, 0x0000000005966898]
Event: 15731.815 Thread 0x0000000018906000 16606       3       java.util.function.Predicate::lambda$and$0 (26 bytes)
Event: 15731.815 Thread 0x0000000018906000 nmethod 16606 0x00000000059698d0 code [0x0000000005969a40, 0x0000000005969db8]
Event: 15731.815 Thread 0x0000000018906000 16607       3       java.util.stream.AbstractPipeline::spliterator (116 bytes)
Event: 15731.816 Thread 0x0000000018906000 nmethod 16607 0x0000000005969e90 code [0x000000000596a0a0, 0x000000000596ab38]
Event: 15731.857 Thread 0x0000000018906000 16608       3       java.io.ObjectStreamClass::access$502 (7 bytes)
Event: 15731.858 Thread 0x0000000018906000 nmethod 16608 0x000000000596afd0 code [0x000000000596b120, 0x000000000596b270]

GC Heap History (10 events):
Event: 12424.047 GC heap before
{Heap before GC invocations=22 (full 3):
 PSYoungGen      total 220160K, used 220019K [0x00000000e0000000, 0x00000000f1a80000, 0x0000000100000000)
  eden space 208384K, 99% used [0x00000000e0000000,0x00000000ecb7f350,0x00000000ecb80000)
  from space 11776K, 98% used [0x00000000f0f00000,0x00000000f1a5db70,0x00000000f1a80000)
  to   space 17920K, 0% used [0x00000000ef780000,0x00000000ef780000,0x00000000f0900000)
 ParOldGen       total 93184K, used 59343K [0x00000000a0000000, 0x00000000a5b00000, 0x00000000e0000000)
  object space 93184K, 63% used [0x00000000a0000000,0x00000000a39f3fd0,0x00000000a5b00000)
 Metaspace       used 76649K, capacity 79724K, committed 79872K, reserved 1118208K
  class space    used 9873K, capacity 10676K, committed 10752K, reserved 1048576K
Event: 12424.156 GC heap after
Heap after GC invocations=22 (full 3):
 PSYoungGen      total 217088K, used 16647K [0x00000000e0000000, 0x00000000f0f80000, 0x0000000100000000)
  eden space 200192K, 0% used [0x00000000e0000000,0x00000000e0000000,0x00000000ec380000)
  from space 16896K, 98% used [0x00000000ef780000,0x00000000f07c1ec0,0x00000000f0800000)
  to   space 7680K, 0% used [0x00000000f0800000,0x00000000f0800000,0x00000000f0f80000)
 ParOldGen       total 93184K, used 59351K [0x00000000a0000000, 0x00000000a5b00000, 0x00000000e0000000)
  object space 93184K, 63% used [0x00000000a0000000,0x00000000a39f5fd0,0x00000000a5b00000)
 Metaspace       used 76649K, capacity 79724K, committed 79872K, reserved 1118208K
  class space    used 9873K, capacity 10676K, committed 10752K, reserved 1048576K
}
Event: 15714.670 GC heap before
{Heap before GC invocations=23 (full 3):
 PSYoungGen      total 217088K, used 216839K [0x00000000e0000000, 0x00000000f0f80000, 0x0000000100000000)
  eden space 200192K, 100% used [0x00000000e0000000,0x00000000ec380000,0x00000000ec380000)
  from space 16896K, 98% used [0x00000000ef780000,0x00000000f07c1ec0,0x00000000f0800000)
  to   space 7680K, 0% used [0x00000000f0800000,0x00000000f0800000,0x00000000f0f80000)
 ParOldGen       total 93184K, used 59351K [0x00000000a0000000, 0x00000000a5b00000, 0x00000000e0000000)
  object space 93184K, 63% used [0x00000000a0000000,0x00000000a39f5fd0,0x00000000a5b00000)
 Metaspace       used 77621K, capacity 80880K, committed 81152K, reserved 1120256K
  class space    used 9916K, capacity 10718K, committed 10752K, reserved 1048576K
Event: 15714.736 GC heap after
Heap after GC invocations=23 (full 3):
 PSYoungGen      total 200192K, used 7679K [0x00000000e0000000, 0x00000000f0f80000, 0x0000000100000000)
  eden space 192512K, 0% used [0x00000000e0000000,0x00000000e0000000,0x00000000ebc00000)
  from space 7680K, 99% used [0x00000000f0800000,0x00000000f0f7fd98,0x00000000f0f80000)
  to   space 24576K, 0% used [0x00000000edf80000,0x00000000edf80000,0x00000000ef780000)
 ParOldGen       total 93184K, used 75495K [0x00000000a0000000, 0x00000000a5b00000, 0x00000000e0000000)
  object space 93184K, 81% used [0x00000000a0000000,0x00000000a49b9ca0,0x00000000a5b00000)
 Metaspace       used 77621K, capacity 80880K, committed 81152K, reserved 1120256K
  class space    used 9916K, capacity 10718K, committed 10752K, reserved 1048576K
}
Event: 15728.381 GC heap before
{Heap before GC invocations=24 (full 3):
 PSYoungGen      total 200192K, used 199408K [0x00000000e0000000, 0x00000000f0f80000, 0x0000000100000000)
  eden space 192512K, 99% used [0x00000000e0000000,0x00000000ebb3c3e0,0x00000000ebc00000)
  from space 7680K, 99% used [0x00000000f0800000,0x00000000f0f7fd98,0x00000000f0f80000)
  to   space 24576K, 0% used [0x00000000edf80000,0x00000000edf80000,0x00000000ef780000)
 ParOldGen       total 93184K, used 75495K [0x00000000a0000000, 0x00000000a5b00000, 0x00000000e0000000)
  object space 93184K, 81% used [0x00000000a0000000,0x00000000a49b9ca0,0x00000000a5b00000)
 Metaspace       used 79942K, capacity 83402K, committed 83584K, reserved 1122304K
  class space    used 10213K, capacity 11031K, committed 11136K, reserved 1048576K
Event: 15728.444 GC heap after
Heap after GC invocations=24 (full 3):
 PSYoungGen      total 196608K, used 10849K [0x00000000e0000000, 0x00000000f0880000, 0x0000000100000000)
  eden space 185344K, 0% used [0x00000000e0000000,0x00000000e0000000,0x00000000eb500000)
  from space 11264K, 96% used [0x00000000edf80000,0x00000000eea18640,0x00000000eea80000)
  to   space 23040K, 0% used [0x00000000ef200000,0x00000000ef200000,0x00000000f0880000)
 ParOldGen       total 93184K, used 79575K [0x00000000a0000000, 0x00000000a5b00000, 0x00000000e0000000)
  object space 93184K, 85% used [0x00000000a0000000,0x00000000a4db5fa8,0x00000000a5b00000)
 Metaspace       used 79942K, capacity 83402K, committed 83584K, reserved 1122304K
  class space    used 10213K, capacity 11031K, committed 11136K, reserved 1048576K
}
Event: 15728.444 GC heap before
{Heap before GC invocations=25 (full 4):
 PSYoungGen      total 196608K, used 10849K [0x00000000e0000000, 0x00000000f0880000, 0x0000000100000000)
  eden space 185344K, 0% used [0x00000000e0000000,0x00000000e0000000,0x00000000eb500000)
  from space 11264K, 96% used [0x00000000edf80000,0x00000000eea18640,0x00000000eea80000)
  to   space 23040K, 0% used [0x00000000ef200000,0x00000000ef200000,0x00000000f0880000)
 ParOldGen       total 93184K, used 79575K [0x00000000a0000000, 0x00000000a5b00000, 0x00000000e0000000)
  object space 93184K, 85% used [0x00000000a0000000,0x00000000a4db5fa8,0x00000000a5b00000)
 Metaspace       used 79942K, capacity 83402K, committed 83584K, reserved 1122304K
  class space    used 10213K, capacity 11031K, committed 11136K, reserved 1048576K
Event: 15729.625 GC heap after
Heap after GC invocations=25 (full 4):
 PSYoungGen      total 196608K, used 0K [0x00000000e0000000, 0x00000000f0880000, 0x0000000100000000)
  eden space 185344K, 0% used [0x00000000e0000000,0x00000000e0000000,0x00000000eb500000)
  from space 11264K, 0% used [0x00000000edf80000,0x00000000edf80000,0x00000000eea80000)
  to   space 23040K, 0% used [0x00000000ef200000,0x00000000ef200000,0x00000000f0880000)
 ParOldGen       total 93184K, used 47700K [0x00000000a0000000, 0x00000000a5b00000, 0x00000000e0000000)
  object space 93184K, 51% used [0x00000000a0000000,0x00000000a2e95268,0x00000000a5b00000)
 Metaspace       used 78154K, capacity 80644K, committed 83584K, reserved 1122304K
  class space    used 9845K, capacity 10414K, committed 11136K, reserved 1048576K
}
Event: 15731.548 GC heap before
{Heap before GC invocations=26 (full 4):
 PSYoungGen      total 196608K, used 185344K [0x00000000e0000000, 0x00000000f0880000, 0x0000000100000000)
  eden space 185344K, 100% used [0x00000000e0000000,0x00000000eb500000,0x00000000eb500000)
  from space 11264K, 0% used [0x00000000edf80000,0x00000000edf80000,0x00000000eea80000)
  to   space 23040K, 0% used [0x00000000ef200000,0x00000000ef200000,0x00000000f0880000)
 ParOldGen       total 93184K, used 47700K [0x00000000a0000000, 0x00000000a5b00000, 0x00000000e0000000)
  object space 93184K, 51% used [0x00000000a0000000,0x00000000a2e95268,0x00000000a5b00000)
 Metaspace       used 79060K, capacity 81708K, committed 83584K, reserved 1122304K
  class space    used 9964K, capacity 10590K, committed 11136K, reserved 1048576K
Event: 15731.558 GC heap after
Heap after GC invocations=26 (full 4):
 PSYoungGen      total 221184K, used 1666K [0x00000000e0000000, 0x00000000efc00000, 0x0000000100000000)
  eden space 210944K, 0% used [0x00000000e0000000,0x00000000e0000000,0x00000000ece00000)
  from space 10240K, 16% used [0x00000000ef200000,0x00000000ef3a0820,0x00000000efc00000)
  to   space 23552K, 0% used [0x00000000ece00000,0x00000000ece00000,0x00000000ee500000)
 ParOldGen       total 93184K, used 47708K [0x00000000a0000000, 0x00000000a5b00000, 0x00000000e0000000)
  object space 93184K, 51% used [0x00000000a0000000,0x00000000a2e97268,0x00000000a5b00000)
 Metaspace       used 79060K, capacity 81708K, committed 83584K, reserved 1122304K
  class space    used 9964K, capacity 10590K, committed 11136K, reserved 1048576K
}

Deoptimization events (10 events):
Event: 15731.522 Thread 0x000000001e636800 Uncommon trap: reason=unstable_if action=reinterpret pc=0x0000000004668628 method=java.io.WinNTFileSystem.resolve(Ljava/lang/String;Ljava/lang/String;)Ljava/lang/String; @ 36
Event: 15731.529 Thread 0x000000001e636800 Uncommon trap: reason=class_check action=maybe_recompile pc=0x00000000054e2e80 method=com.android.tools.build.apkzlib.zip.ZipField.checkVerifiesInvariants(J)V @ 25
Event: 15731.559 Thread 0x000000001e636800 Uncommon trap: reason=class_check action=maybe_recompile pc=0x00000000054e2e80 method=com.android.tools.build.apkzlib.zip.ZipField.checkVerifiesInvariants(J)V @ 25
Event: 15731.575 Thread 0x000000001e636800 Uncommon trap: reason=class_check action=maybe_recompile pc=0x00000000054fc040 method=com.android.tools.build.apkzlib.zip.ZipField.checkVerifiesInvariants(J)V @ 25
Event: 15731.645 Thread 0x000000001fcba000 Uncommon trap: reason=unloaded action=reinterpret pc=0x000000000497bd54 method=org.gradle.internal.remote.internal.inet.SocketConnection.flush()V @ 20
Event: 15731.776 Thread 0x000000001e636800 Uncommon trap: reason=bimorphic action=maybe_recompile pc=0x000000000483fd0c method=java.util.AbstractList.equals(Ljava/lang/Object;)Z @ 25
Event: 15731.858 Thread 0x000000001e636800 Uncommon trap: reason=class_check action=maybe_recompile pc=0x000000000356ad7c method=java.io.ObjectOutputStream$BlockDataOutputStream.drain()V @ 36
Event: 15731.858 Thread 0x000000001e636800 Uncommon trap: reason=class_check action=maybe_recompile pc=0x000000000356ad7c method=java.io.ObjectOutputStream$BlockDataOutputStream.drain()V @ 36
Event: 15731.858 Thread 0x000000001e636800 Uncommon trap: reason=class_check action=maybe_recompile pc=0x000000000356ad7c method=java.io.ObjectOutputStream$BlockDataOutputStream.drain()V @ 36
Event: 15731.858 Thread 0x000000001e636800 Uncommon trap: reason=class_check action=maybe_recompile pc=0x000000000356ad7c method=java.io.ObjectOutputStream$BlockDataOutputStream.drain()V @ 36

Classes redefined (0 events):
No events

Internal exceptions (10 events):
Event: 15727.917 Thread 0x000000001fcc2000 Exception <a 'java/lang/NoSuchMethodError': java.lang.Object.newSystemTemporaryDirectory()Lcom/android/tools/build/apkzlib/bytestorage/TemporaryDirectory;> (0x00000000e5a67400) thrown at [D:\src\AOSP-openjdk-cygwin\jdk8u\hotspot\src\share\vm\interpreter\l
Event: 15728.190 Thread 0x000000001fcc2000 Exception <a 'java/lang/NoSuchMethodError': java.lang.Object.lambda$or$2(Ljava/util/function/Predicate;Ljava/lang/Object;)Z> (0x00000000e62cc918) thrown at [D:\src\AOSP-openjdk-cygwin\jdk8u\hotspot\src\share\vm\interpreter\linkResolver.cpp, line 584]
Event: 15730.438 Thread 0x000000001e636800 Implicit null exception at 0x00000000032875c0 to 0x0000000003287a2d
Event: 15730.625 Thread 0x000000001e636800 Implicit null exception at 0x000000000385bb59 to 0x000000000385ce4d
Event: 15731.097 Thread 0x000000001e631800 Exception <a 'sun/nio/fs/WindowsException'> (0x00000000eadd2818) thrown at [D:\src\AOSP-openjdk-cygwin\jdk8u\hotspot\src\share\vm\prims\jni.cpp, line 709]
Event: 15731.098 Thread 0x000000001e631800 Exception <a 'sun/nio/fs/WindowsException'> (0x00000000eadd2fd8) thrown at [D:\src\AOSP-openjdk-cygwin\jdk8u\hotspot\src\share\vm\prims\jni.cpp, line 709]
Event: 15731.510 Thread 0x000000001e636800 Exception <a 'java/lang/NoSuchMethodError': java.lang.Object.lambda$asRunnable$0(Lcom/android/tools/build/apkzlib/utils/IOExceptionRunnable;)V> (0x00000000eb1d76b0) thrown at [D:\src\AOSP-openjdk-cygwin\jdk8u\hotspot\src\share\vm\interpreter\linkResolver.
Event: 15731.519 Thread 0x000000001e636800 Exception <a 'java/lang/NoSuchMethodError': java.lang.Object.lambda$and$0(Ljava/util/function/Predicate;Ljava/lang/Object;)Z> (0x00000000eb21e590) thrown at [D:\src\AOSP-openjdk-cygwin\jdk8u\hotspot\src\share\vm\interpreter\linkResolver.cpp, line 584]
Event: 15731.642 Thread 0x000000001fcbc000 Exception <a 'java/io/IOException'> (0x00000000e0a50bb8) thrown at [D:\src\AOSP-openjdk-cygwin\jdk8u\hotspot\src\share\vm\prims\jni.cpp, line 709]
Event: 15731.645 Thread 0x000000001fcba000 Exception <a 'java/io/IOException'> (0x00000000e0aca868) thrown at [D:\src\AOSP-openjdk-cygwin\jdk8u\hotspot\src\share\vm\prims\jni.cpp, line 709]

Events (10 events):
Event: 15731.858 Thread 0x000000001e636800 DEOPT PACKING pc=0x000000000356ad7c sp=0x00000000268accd0
Event: 15731.858 Thread 0x000000001e636800 DEOPT UNPACKING pc=0x0000000002c0557b sp=0x00000000268acc48 mode 2
Event: 15731.859 loading class org/apache/commons/codec/binary/Base64
Event: 15731.859 loading class org/apache/commons/codec/binary/Base64 done
Event: 15731.863 loading class org/apache/commons/codec/binary/BaseNCodec
Event: 15731.863 loading class org/apache/commons/codec/binary/BaseNCodec done
Event: 15731.864 loading class org/apache/commons/codec/BinaryEncoder
Event: 15731.864 loading class org/apache/commons/codec/BinaryEncoder done
Event: 15731.864 loading class org/apache/commons/codec/Encoder
Event: 15731.864 loading class org/apache/commons/codec/Encoder done


Dynamic libraries:
0x00007ff7ab660000 - 0x00007ff7ab691000 	D:\AS\install\jre\bin\java.exe
0x00007ff9ea7c0000 - 0x00007ff9ea9b0000 	C:\WINDOWS\SYSTEM32\ntdll.dll
0x00007ff9ea470000 - 0x00007ff9ea522000 	C:\WINDOWS\System32\KERNEL32.DLL
0x00007ff9e7970000 - 0x00007ff9e7c15000 	C:\WINDOWS\System32\KERNELBASE.dll
0x00007ff9ea320000 - 0x00007ff9ea3c3000 	C:\WINDOWS\System32\ADVAPI32.dll
0x00007ff9ea540000 - 0x00007ff9ea5de000 	C:\WINDOWS\System32\msvcrt.dll
0x00007ff9ea3d0000 - 0x00007ff9ea467000 	C:\WINDOWS\System32\sechost.dll
0x00007ff9e9110000 - 0x00007ff9e9230000 	C:\WINDOWS\System32\RPCRT4.dll
0x00007ff9e8e70000 - 0x00007ff9e9005000 	C:\WINDOWS\System32\USER32.dll
0x00007ff9e85f0000 - 0x00007ff9e8611000 	C:\WINDOWS\System32\win32u.dll
0x00007ff9e9a00000 - 0x00007ff9e9a26000 	C:\WINDOWS\System32\GDI32.dll
0x00007ff9e77d0000 - 0x00007ff9e7966000 	C:\WINDOWS\System32\gdi32full.dll
0x00007ff9e8720000 - 0x00007ff9e87be000 	C:\WINDOWS\System32\msvcp_win.dll
0x00007ff9e8620000 - 0x00007ff9e871a000 	C:\WINDOWS\System32\ucrtbase.dll
0x00007ff9c8b60000 - 0x00007ff9c8de4000 	C:\WINDOWS\WinSxS\amd64_microsoft.windows.common-controls_6595b64144ccf1df_6.0.18362.1082_none_9e8193e1e45b25c1\COMCTL32.dll
0x00007ff9e95e0000 - 0x00007ff9e9915000 	C:\WINDOWS\System32\combase.dll
0x00007ff9e7750000 - 0x00007ff9e77d0000 	C:\WINDOWS\System32\bcryptPrimitives.dll
0x00007ff9e8e40000 - 0x00007ff9e8e6e000 	C:\WINDOWS\System32\IMM32.DLL
0x0000000074a90000 - 0x0000000074b62000 	D:\AS\install\jre\jre\bin\msvcr100.dll
0x0000000074c50000 - 0x0000000075491000 	D:\AS\install\jre\jre\bin\server\jvm.dll
0x00007ff9e9410000 - 0x00007ff9e9418000 	C:\WINDOWS\System32\PSAPI.DLL
0x00007ff9dbeb0000 - 0x00007ff9dbeb9000 	C:\WINDOWS\SYSTEM32\WSOCK32.dll
0x00007ff9e4990000 - 0x00007ff9e49b4000 	C:\WINDOWS\SYSTEM32\WINMM.dll
0x00007ff9dd630000 - 0x00007ff9dd63a000 	C:\WINDOWS\SYSTEM32\VERSION.dll
0x00007ff9e9920000 - 0x00007ff9e998f000 	C:\WINDOWS\System32\WS2_32.dll
0x00007ff9e42a0000 - 0x00007ff9e42cd000 	C:\WINDOWS\SYSTEM32\winmmbase.dll
0x00007ff9e8820000 - 0x00007ff9e886a000 	C:\WINDOWS\System32\cfgmgr32.dll
0x00007ff9e0520000 - 0x00007ff9e052f000 	D:\AS\install\jre\jre\bin\verify.dll
0x00007ff9d9f70000 - 0x00007ff9d9f99000 	D:\AS\install\jre\jre\bin\java.dll
0x00007ff9e04c0000 - 0x00007ff9e04d6000 	D:\AS\install\jre\jre\bin\zip.dll
0x00007ff9e9c30000 - 0x00007ff9ea317000 	C:\WINDOWS\System32\SHELL32.dll
0x00007ff9e9420000 - 0x00007ff9e94c9000 	C:\WINDOWS\System32\shcore.dll
0x00007ff9e7e70000 - 0x00007ff9e85f0000 	C:\WINDOWS\System32\windows.storage.dll
0x00007ff9e7720000 - 0x00007ff9e7743000 	C:\WINDOWS\System32\profapi.dll
0x00007ff9e76b0000 - 0x00007ff9e76fa000 	C:\WINDOWS\System32\powrprof.dll
0x00007ff9e7680000 - 0x00007ff9e7690000 	C:\WINDOWS\System32\UMPDC.dll
0x00007ff9e9580000 - 0x00007ff9e95d2000 	C:\WINDOWS\System32\shlwapi.dll
0x00007ff9e7690000 - 0x00007ff9e76a1000 	C:\WINDOWS\System32\kernel.appcore.dll
0x00007ff9e7e20000 - 0x00007ff9e7e37000 	C:\WINDOWS\System32\cryptsp.dll
0x00007ff9dd120000 - 0x00007ff9dd13a000 	D:\AS\install\jre\jre\bin\net.dll
0x00007ff9e6ed0000 - 0x00007ff9e6f37000 	C:\WINDOWS\system32\mswsock.dll
0x00007ff9d9f50000 - 0x00007ff9d9f61000 	D:\AS\install\jre\jre\bin\nio.dll
0x00007ff9dd5d0000 - 0x00007ff9dd5ee000 	C:\Users\MaJieKun\.gradle\native\25\windows-amd64\native-platform.dll
0x00007ff9d9de0000 - 0x00007ff9d9ded000 	D:\AS\install\jre\jre\bin\management.dll
0x00007ff9e69e0000 - 0x00007ff9e6a13000 	C:\WINDOWS\system32\rsaenh.dll
0x00007ff9e7e40000 - 0x00007ff9e7e66000 	C:\WINDOWS\System32\bcrypt.dll
0x00007ff9e75a0000 - 0x00007ff9e75c5000 	C:\WINDOWS\SYSTEM32\USERENV.dll
0x00007ff9e70a0000 - 0x00007ff9e70ac000 	C:\WINDOWS\SYSTEM32\CRYPTBASE.dll
0x00007ff9e6be0000 - 0x00007ff9e6c1a000 	C:\WINDOWS\SYSTEM32\IPHLPAPI.DLL
0x00007ff9ea530000 - 0x00007ff9ea538000 	C:\WINDOWS\System32\NSI.dll
0x00007ff9d6b20000 - 0x00007ff9d6b36000 	C:\WINDOWS\SYSTEM32\dhcpcsvc6.DLL
0x00007ff9d6c50000 - 0x00007ff9d6c6c000 	C:\WINDOWS\SYSTEM32\dhcpcsvc.DLL
0x00007ff9e6c20000 - 0x00007ff9e6ceb000 	C:\WINDOWS\SYSTEM32\DNSAPI.dll
0x00007ff9e66a0000 - 0x00007ff9e66d1000 	C:\WINDOWS\SYSTEM32\ntmarta.dll
0x00007ff9e5f80000 - 0x00007ff9e6174000 	C:\WINDOWS\SYSTEM32\dbghelp.dll

VM Arguments:
jvm_args: -Xmx1536m -Dfile.encoding=GBK -Duser.country=CN -Duser.language=zh -Duser.variant 
java_command: org.gradle.launcher.daemon.bootstrap.GradleDaemon 4.6
java_class_path (initial): C:\Users\MaJieKun\.gradle\wrapper\dists\gradle-4.6-all\bcst21l2brirad8k2ben1letg\gradle-4.6\lib\gradle-launcher-4.6.jar
Launcher Type: SUN_STANDARD

Environment Variables:
JAVA_HOME=D:\JDK\jdk-1.8
JRE_HOME=D:\JDK\jre-1.8
PATH=C:\Program Files (x86)\Common Files\Oracle\Java\javapath;D:\JDK\jdk-1.8\bin;D:\JDK\jdk-1.8\jre\bin;C:\WINDOWS\System32\OpenSSH\;D:\TortoiseGit\bin;D:\Redis\install;C:\Program Files (x86)\Intel\Intel(R) Management Engine Components\DAL;D:\AS\android-sdk-windows\tools;D:\AS\android-sdk-windows\platform-tools;D:\Tomcat\apache-tomcat-9.0.27\bin;D:\Tomcat\apache-tomcat-9.0.27\lib;D:\Tomcat\apache-tomcat-9.0.34\bin;D:\Tomcat\apache-tomcat-9.0.34\lib;D:\Maven\apache-maven-3.6.2\bin;D:\Git Bash\Git\bin;C:\WINDOWS\system32;C:\WINDOWS;C:\WINDOWS\System32\Wbem;C:\WINDOWS\System32\WindowsPowerShell\v1.0\;C:\Program Files\Intel\Intel(R) Management Engine Components\DAL;D:\Jmeter\apache-jmeter-5.2.1\lib\ext\ApacheJMeter_core.jar;D:\Jmeter\apache-jmeter-5.2.1\lib\jorphan.jar;D:\Jmeter\apache-jmeter-5.2.1\lib\logkit-2.0.jar;D:\RabbitMQ\erlang\erl10.7\bin;D:\RabbitMQ\rabbitmq\rabbitmq_server-3.8.3\sbin;C:\Users\MaJieKun\AppData\Local\Microsoft\WindowsApps;D:\BandiZip\
USERNAME=MaJieKun
OS=Windows_NT
PROCESSOR_IDENTIFIER=Intel64 Family 6 Model 158 Stepping 10, GenuineIntel



---------------  S Y S T E M  ---------------

OS: Windows 10.0 , 64 bit Build 18362 (10.0.18362.1082)

CPU:total 8 (initial active 8) (4 cores per cpu, 2 threads per core) family 6 model 158 stepping 10, cmov, cx8, fxsr, mmx, sse, sse2, sse3, ssse3, sse4.1, sse4.2, popcnt, avx, avx2, aes, clmul, erms, 3dnowpref, lzcnt, ht, tsc, tscinvbit, bmi1, bmi2, adx

Memory: 4k page, physical 8119316k(1551344k free), swap 21291024k(1650324k free)

vm_info: OpenJDK 64-Bit Server VM (25.152-b06) for windows-amd64 JRE (1.8.0_152-release-1136-b06), built by "builder" with MS VC++ 10.0 (VS2010)

time: Wed Sep 16 20:42:00 2020
elapsed time: 15731 seconds (0d 4h 22m 11s)

